<?xml version="1.0" encoding="UTF-8"?>
<!-- Generated by org.testng.reporters.JUnitXMLReporter -->
<testsuite ignored="0" hostname="juliapetz-VirtualBox" failures="0" tests="5" name="Default test" time="0.139" errors="0" timestamp="2024-11-04T14:01:16 MEZ">
  <testcase classname="bankingSystem.AccountTest" name="testDeposit" time="0.031"/>
  <testcase classname="bankingSystem.AccountTest" name="testDeposit_InvalidAmount" time="0.003"/>
  <testcase classname="bankingSystem.AccountTest" name="testWithdraw" time="0.002"/>
  <testcase classname="bankingSystem.AccountTest" name="testWithdraw_InvalidAmount" time="0.002"/>
  <testcase classname="bankingSystem.AccountTest" name="testWithdraw_Overdraft" time="0.003"/>
</testsuite> <!-- Default test -->
